#
# There is insufficient memory for the Java Runtime Environment to continue.
# Native memory allocation (mmap) failed to map 132120576 bytes for G1 virtual space
# Possible reasons:
#   The system is out of physical RAM or swap space
#   The process is running with CompressedOops enabled, and the Java Heap may be blocking the growth of the native heap
# Possible solutions:
#   Reduce memory load on the system
#   Increase physical memory or swap space
#   Check if swap backing store is full
#   Decrease Java heap size (-Xmx/-Xms)
#   Decrease number of Java threads
#   Decrease Java thread stack sizes (-Xss)
#   Set larger code cache with -XX:ReservedCodeCacheSize=
#   JVM is running with Unscaled Compressed Oops mode in which the Java heap is
#     placed in the first 4GB address space. The Java Heap base address is the
#     maximum limit for the native heap growth. Please use -XX:HeapBaseMinAddress
#     to set the Java Heap base and to place the Java Heap above 4GB virtual address.
# This output file may be truncated or incomplete.
#
#  Out of Memory Error (os_windows.cpp:3559), pid=10316, tid=8944
#
# JRE version:  (17.0.7+7) (build )
# Java VM: OpenJDK 64-Bit Server VM (17.0.7+7, mixed mode, sharing, tiered, compressed oops, compressed class ptrs, g1 gc, windows-amd64)
# No core dump will be written. Minidumps are not enabled by default on client versions of Windows
#

---------------  S U M M A R Y ------------

Command Line: -XX:+ShowCodeDetailsInExceptionMessages assignments.assignment4.MainFrame

Host: Intel(R) Core(TM) i5-9300H CPU @ 2.40GHz, 8 cores, 7G,  Windows 10 , 64 bit Build 19041 (10.0.19041.2913)
Time: Thu May 18 20:49:25 2023 SE Asia Standard Time elapsed time: 0.037229 seconds (0d 0h 0m 0s)

---------------  T H R E A D  ---------------

Current thread (0x0000022f8198ab80):  JavaThread "Unknown thread" [_thread_in_vm, id=8944, stack(0x0000009b73d00000,0x0000009b73e00000)]

Stack: [0x0000009b73d00000,0x0000009b73e00000]
Native frames: (J=compiled Java code, j=interpreted, Vv=VM code, C=native code)
V  [jvm.dll+0x67754a]
V  [jvm.dll+0x834304]
V  [jvm.dll+0x835aae]
V  [jvm.dll+0x836113]
V  [jvm.dll+0x24696f]
V  [jvm.dll+0x6743f9]
V  [jvm.dll+0x668c8a]
V  [jvm.dll+0x3061bb]
V  [jvm.dll+0x30d6a6]
V  [jvm.dll+0x35cece]
V  [jvm.dll+0x35d0ff]
V  [jvm.dll+0x2dd048]
V  [jvm.dll+0x2ddfb4]
V  [jvm.dll+0x8066d1]
V  [jvm.dll+0x36ac91]
V  [jvm.dll+0x7e5cec]
V  [jvm.dll+0x3ed56f]
V  [jvm.dll+0x3ef0a1]
C  [jli.dll+0x528b]
C  [ucrtbase.dll+0x21bb2]
C  [KERNEL32.DLL+0x17614]
C  [ntdll.dll+0x526a1]


---------------  P R O C E S S  ---------------

Threads class SMR info:
_java_thread_list=0x00007ffac3957018, length=0, elements={
}

Java Threads: ( => current thread )

Other Threads:
  0x0000022f819e4970 GCTaskThread "GC Thread#0" [stack: 0x0000009b73e00000,0x0000009b73f00000] [id=5180]
  0x0000022f819f5240 ConcurrentGCThread "G1 Main Marker" [stack: 0x0000009b73f00000,0x0000009b74000000] [id=16488]
  0x0000022f819f6300 ConcurrentGCThread "G1 Conc#0" [stack: 0x0000009b74000000,0x0000009b74100000] [id=12228]

[error occurred during error reporting (printing all threads), id 0xc0000005, EXCEPTION_ACCESS_VIOLATION (0xc0000005) at pc=0x00007ffac312daf7]

VM state: not at safepoint (not fully initialized)

VM Mutex/Monitor currently owned by a thread:  ([mutex/lock_event])
[0x0000022f81987240] Heap_lock - owner thread: 0x0000022f8198ab80

Heap address: 0x0000000082c00000, size: 2004 MB, Compressed Oops mode: 32-bit

CDS archive(s) mapped at: [0x0000000000000000-0x0000000000000000-0x0000000000000000), size 0, SharedBaseAddress: 0x0000000800000000, ArchiveRelocationMode: 0.
Narrow klass base: 0x0000000000000000, Narrow klass shift: 0, Narrow klass range: 0x0

GC Precious Log:
<Empty>

Heap:
 garbage-first heap   total 0K, used 0K [0x0000000082c00000, 0x0000000100000000)
  region size 1024K, 0 young (0K), 0 survivors (0K)

[error occurred during error reporting (printing heap information), id 0xc0000005, EXCEPTION_ACCESS_VIOLATION (0xc0000005) at pc=0x00007ffac3510db9]

GC Heap History (0 events):
No events

Dll operation events (1 events):
Event: 0.010 Loaded shared library C:\Users\lin58\.vscode\extensions\redhat.java-1.18.0-win32-x64\jre\17.0.7-win32-x86_64\bin\java.dll

Deoptimization events (0 events):
No events

Classes unloaded (0 events):
No events

Classes redefined (0 events):
No events

Internal exceptions (0 events):
No events

VM Operations (0 events):
No events

Events (0 events):
No events


Dynamic libraries:
0x00007ff6bf150000 - 0x00007ff6bf15e000 	C:\Users\lin58\.vscode\extensions\redhat.java-1.18.0-win32-x64\jre\17.0.7-win32-x86_64\bin\java.exe
0x00007ffb36fd0000 - 0x00007ffb371c8000 	C:\WINDOWS\SYSTEM32\ntdll.dll
0x00007ffb36ac0000 - 0x00007ffb36b7f000 	C:\WINDOWS\System32\KERNEL32.DLL
0x00007ffb34860000 - 0x00007ffb34b56000 	C:\WINDOWS\System32\KERNELBASE.dll
0x00007ffb34e10000 - 0x00007ffb34f10000 	C:\WINDOWS\System32\ucrtbase.dll
0x00007ffb261e0000 - 0x00007ffb261f9000 	C:\Users\lin58\.vscode\extensions\redhat.java-1.18.0-win32-x64\jre\17.0.7-win32-x86_64\bin\VCRUNTIME140.dll
0x00007ffb26270000 - 0x00007ffb26287000 	C:\Users\lin58\.vscode\extensions\redhat.java-1.18.0-win32-x64\jre\17.0.7-win32-x86_64\bin\jli.dll
0x00007ffb36df0000 - 0x00007ffb36f8d000 	C:\WINDOWS\System32\USER32.dll
0x00007ffb34de0000 - 0x00007ffb34e02000 	C:\WINDOWS\System32\win32u.dll
0x00007ffb1d300000 - 0x00007ffb1d59a000 	C:\WINDOWS\WinSxS\amd64_microsoft.windows.common-controls_6595b64144ccf1df_6.0.19041.1110_none_60b5254171f9507e\COMCTL32.dll
0x00007ffb35030000 - 0x00007ffb3505c000 	C:\WINDOWS\System32\GDI32.dll
0x00007ffb35220000 - 0x00007ffb352be000 	C:\WINDOWS\System32\msvcrt.dll
0x00007ffb34b60000 - 0x00007ffb34c75000 	C:\WINDOWS\System32\gdi32full.dll
0x00007ffb34f60000 - 0x00007ffb34ffd000 	C:\WINDOWS\System32\msvcp_win.dll
0x00007ffb358e0000 - 0x00007ffb35910000 	C:\WINDOWS\System32\IMM32.DLL
0x00007ffb2c890000 - 0x00007ffb2c89c000 	C:\Users\lin58\.vscode\extensions\redhat.java-1.18.0-win32-x64\jre\17.0.7-win32-x86_64\bin\vcruntime140_1.dll
0x00007ffad2520000 - 0x00007ffad25b1000 	C:\Users\lin58\.vscode\extensions\redhat.java-1.18.0-win32-x64\jre\17.0.7-win32-x86_64\bin\msvcp140.dll
0x00007ffac2e40000 - 0x00007ffac3a88000 	C:\Users\lin58\.vscode\extensions\redhat.java-1.18.0-win32-x64\jre\17.0.7-win32-x86_64\bin\server\jvm.dll
0x00007ffb362e0000 - 0x00007ffb3638f000 	C:\WINDOWS\System32\ADVAPI32.dll
0x00007ffb352c0000 - 0x00007ffb3535c000 	C:\WINDOWS\System32\sechost.dll
0x00007ffb36120000 - 0x00007ffb36246000 	C:\WINDOWS\System32\RPCRT4.dll
0x00007ffb2e060000 - 0x00007ffb2e069000 	C:\WINDOWS\SYSTEM32\WSOCK32.dll
0x00007ffb314e0000 - 0x00007ffb31507000 	C:\WINDOWS\SYSTEM32\WINMM.dll
0x00007ffb364f0000 - 0x00007ffb3655b000 	C:\WINDOWS\System32\WS2_32.dll
0x00007ffb2c160000 - 0x00007ffb2c16a000 	C:\WINDOWS\SYSTEM32\VERSION.dll
0x00007ffb32550000 - 0x00007ffb32562000 	C:\WINDOWS\SYSTEM32\kernel.appcore.dll
0x00007ffb2c7b0000 - 0x00007ffb2c7ba000 	C:\Users\lin58\.vscode\extensions\redhat.java-1.18.0-win32-x64\jre\17.0.7-win32-x86_64\bin\jimage.dll
0x00007ffb31e30000 - 0x00007ffb32014000 	C:\WINDOWS\SYSTEM32\DBGHELP.DLL
0x00007ffb314a0000 - 0x00007ffb314d4000 	C:\WINDOWS\SYSTEM32\dbgcore.DLL
0x00007ffb347d0000 - 0x00007ffb34852000 	C:\WINDOWS\System32\bcryptPrimitives.dll
0x00007ffaf16c0000 - 0x00007ffaf16e5000 	C:\Users\lin58\.vscode\extensions\redhat.java-1.18.0-win32-x64\jre\17.0.7-win32-x86_64\bin\java.dll

dbghelp: loaded successfully - version: 4.0.5 - missing functions: none
symbol engine: initialized successfully - sym options: 0x614 - pdb path: .;C:\Users\lin58\.vscode\extensions\redhat.java-1.18.0-win32-x64\jre\17.0.7-win32-x86_64\bin;C:\WINDOWS\SYSTEM32;C:\WINDOWS\WinSxS\amd64_microsoft.windows.common-controls_6595b64144ccf1df_6.0.19041.1110_none_60b5254171f9507e;C:\Users\lin58\.vscode\extensions\redhat.java-1.18.0-win32-x64\jre\17.0.7-win32-x86_64\bin\server

VM Arguments:
jvm_args: -XX:+ShowCodeDetailsInExceptionMessages 
java_command: assignments.assignment4.MainFrame
java_class_path (initial): D:\DDP\Template\ddp2\playground2\playground2\TP01\assignment4\bin\main;\assignment1\bin\default;D:\DDP\Template\ddp2\playground2\playground2\TP01\assignment1\bin\main;\assignment3\bin\default;D:\DDP\Template\ddp2\playground2\playground2\TP01\assignment3\bin\main
Launcher Type: SUN_STANDARD

[Global flags]
     intx CICompilerCount                          = 4                                         {product} {ergonomic}
     uint ConcGCThreads                            = 2                                         {product} {ergonomic}
     uint G1ConcRefinementThreads                  = 8                                         {product} {ergonomic}
   size_t G1HeapRegionSize                         = 1048576                                   {product} {ergonomic}
    uintx GCDrainStackTargetSize                   = 64                                        {product} {ergonomic}
   size_t InitialHeapSize                          = 132120576                                 {product} {ergonomic}
   size_t MarkStackSize                            = 4194304                                   {product} {ergonomic}
   size_t MaxHeapSize                              = 2101346304                                {product} {ergonomic}
   size_t MinHeapDeltaBytes                        = 1048576                                   {product} {ergonomic}
   size_t MinHeapSize                              = 8388608                                   {product} {ergonomic}
    uintx NonNMethodCodeHeapSize                   = 5839372                                {pd product} {ergonomic}
    uintx NonProfiledCodeHeapSize                  = 122909434                              {pd product} {ergonomic}
    uintx ProfiledCodeHeapSize                     = 122909434                              {pd product} {ergonomic}
    uintx ReservedCodeCacheSize                    = 251658240                              {pd product} {ergonomic}
     bool SegmentedCodeCache                       = true                                      {product} {ergonomic}
     bool ShowCodeDetailsInExceptionMessages       = true                                   {manageable} {command line}
   size_t SoftMaxHeapSize                          = 2101346304                             {manageable} {ergonomic}
     bool UseCompressedClassPointers               = true                           {product lp64_product} {ergonomic}
     bool UseCompressedOops                        = true                           {product lp64_product} {ergonomic}
     bool UseG1GC                                  = true                                      {product} {ergonomic}
     bool UseLargePagesIndividualAllocation        = false                                  {pd product} {ergonomic}

Logging:
Log output configuration:
 #0: stdout all=warning uptime,level,tags
 #1: stderr all=off uptime,level,tags

Environment Variables:
PATH=C:\Program Files\Common Files\Oracle\Java\javapath;C:\Program Files (x86)\Common Files\Oracle\Java\javapath;C:\Windows\system32;C:\Windows;C:\Windows\System32\Wbem;C:\Windows\System32\WindowsPowerShell\v1.0\;C:\Windows\System32\OpenSSH\;C:\Program Files (x86)\NVIDIA Corporation\PhysX\Common;C:\Program Files\NVIDIA Corporation\NVIDIA NvDLISR;C:\WINDOWS\system32;C:\WINDOWS;C:\WINDOWS\System32\Wbem;C:\WINDOWS\System32\WindowsPowerShell\v1.0\;C:\WINDOWS\System32\OpenSSH\;C:\Program Files\dotnet\;D:\Git\cmd;C:\Users\lin58\AppData\Local\Programs\Python\Python310\Scripts\;C:\Users\lin58\AppData\Local\Programs\Python\Python310\;C:\Users\lin58\AppData\Local\Microsoft\WindowsApps;D:\Microsoft VS Code\bin
USERNAME=lin58
LANG=en_US.UTF-8
OS=Windows_NT
PROCESSOR_IDENTIFIER=Intel64 Family 6 Model 158 Stepping 10, GenuineIntel
TMP=C:\Users\lin58\AppData\Local\Temp
TEMP=C:\Users\lin58\AppData\Local\Temp



---------------  S Y S T E M  ---------------

OS:
 Windows 10 , 64 bit Build 19041 (10.0.19041.2913)
OS uptime: 1 days 13:34 hours

CPU: total 8 (initial active 8) (4 cores per cpu, 2 threads per core) family 6 model 158 stepping 10 microcode 0xf0, cx8, cmov, fxsr, ht, mmx, 3dnowpref, sse, sse2, sse3, ssse3, sse4.1, sse4.2, popcnt, lzcnt, tsc, tscinvbit, avx, avx2, aes, erms, clmul, bmi1, bmi2, adx, fma, vzeroupper, clflush, clflushopt

Memory: 4k page, system-wide physical 8009M (1015M free)
TotalPageFile size 16019M (AvailPageFile size 45M)
current process WorkingSet (physical memory assigned to process): 10M, peak: 10M
current process commit charge ("private bytes"): 60M, peak: 186M

vm_info: OpenJDK 64-Bit Server VM (17.0.7+7) for windows-amd64 JRE (17.0.7+7), built on Apr 18 2023 22:10:42 by "temurin" with MS VC++ 16.7 (VS2019)

END.
